########### array before sorts ###########
0	3.810000	0.000000	38.100000	0.000000	n
1	0.000000	3.810000	3.810000	0.000000	n
2	38.100000	0.000000	41.910000	3.810000	n
3	41.910000	38.100000	41.910000	3.810000	n
4	38.100000	41.910000	41.910000	38.100000	n
5	3.810000	41.910000	38.100000	41.910000	n
6	0.000000	38.100000	3.810000	41.910000	n
7	0.000000	3.810000	0.000000	38.100000	n
Tolerance=0.050000.
*Exact match for i=0 and j=2.
*i point 3.810000	0.000000	38.100000	0.000000	y
*Exact match for i=1 and j=3.
*i point 38.100000	0.000000	41.910000	3.810000	y
	*Before flip 	41.910000	38.100000	41.910000	3.810000	y
	*After flip 	41.910000	3.810000	41.910000	38.100000	y
*Exact match for i=2 and j=4.
*i point 41.910000	3.810000	41.910000	38.100000	y
	*Before flip 	38.100000	41.910000	41.910000	38.100000	y
	*After flip 	41.910000	38.100000	38.100000	41.910000	y
*Exact match for i=3 and j=5.
*i point 41.910000	38.100000	38.100000	41.910000	y
	*Before flip 	3.810000	41.910000	38.100000	41.910000	y
	*After flip 	38.100000	41.910000	3.810000	41.910000	y
*Exact match for i=4 and j=6.
*i point 38.100000	41.910000	3.810000	41.910000	y
	*Before flip 	0.000000	38.100000	3.810000	41.910000	y
	*After flip 	3.810000	41.910000	0.000000	38.100000	y
*Exact match for i=5 and j=7.
*i point 3.810000	41.910000	0.000000	38.100000	y
	*Before flip 	0.000000	3.810000	0.000000	38.100000	y
	*After flip 	0.000000	38.100000	0.000000	3.810000	y
*Exact match for i=6 and j=7.
*i point 0.000000	38.100000	0.000000	3.810000	y
########### array after sorts ###########
0	3.810000	0.000000	38.100000	0.000000	y
1	38.100000	0.000000	41.910000	3.810000	y
2	41.910000	3.810000	41.910000	38.100000	y
3	41.910000	38.100000	38.100000	41.910000	y
4	38.100000	41.910000	3.810000	41.910000	y
5	3.810000	41.910000	0.000000	38.100000	y
6	0.000000	38.100000	0.000000	3.810000	y
7	0.000000	3.810000	3.810000	0.000000	y
***************
.BOARD_OUTLINE UNOWNED
1.6
0     3.810000     0.000000     0
0     38.100000     0.000000     0
0     41.910000     3.810000     0
0     41.910000     38.100000     0
0     38.100000     41.910000     0
0     3.810000     41.910000     0
0     0.000000     38.100000     0
0     0.000000     3.810000     0
0     3.810000     0.000000     0
